<?xml version="1.0" encoding="UTF-8"?>
<testng-results skipped="0" failed="0" total="1" passed="1">
  <reporter-output>
  </reporter-output>
  <suite name="Default suite" duration-ms="3094" started-at="2020-06-15T16:56:34Z" finished-at="2020-06-15T16:56:37Z">
    <groups>
    </groups>
    <test name="Default test" duration-ms="3094" started-at="2020-06-15T16:56:34Z" finished-at="2020-06-15T16:56:37Z">
      <class name="getRequest.GetData">
        <test-method status="PASS" signature="getResposeData()[pri:0, instance:getRequest.GetData@58134517]" name="getResposeData" duration-ms="3069" started-at="2020-06-15T22:26:34Z" finished-at="2020-06-15T22:26:37Z">
          <reporter-output>
          </reporter-output>
        </test-method> <!-- getResposeData -->
      </class> <!-- getRequest.GetData -->
    </test> <!-- Default test -->
  </suite> <!-- Default suite -->
</testng-results>
